[21:55:24] [main/INFO]: Loading Minecraft 1.21.11 with Fabric Loader 0.18.4
[21:55:25] [main/WARN]: Warnings were found!
 - Mod 'Backpacked' (backpacked) 3.0.3 recommends version 2.4.18 or later of yigd, which is missing!
	 - You should install version 2.4.18 or later of yigd for the optimal experience.
[21:55:25] [main/INFO]: Loading 85 mods:
	- backpacked 3.0.3
	- carryon 2.9.0
	- chunky 1.4.55
	- cristellib 3.1.1
	   \-- blue_endless_jankson 1.2.3
	- cupboard 1.21.11-3.6
	- fabric-api 0.141.3+1.21.11
	   |-- fabric-api-base 1.0.5+4ebb5c083e
	   |-- fabric-api-lookup-api-v1 1.6.114+20dc27073e
	   |-- fabric-biome-api-v1 17.1.1+4fc5413f3e
	   |-- fabric-block-api-v1 1.1.10+4ebb5c083e
	   |-- fabric-block-view-api-v2 1.0.39+4ebb5c083e
	   |-- fabric-command-api-v2 2.4.7+6b42a6003e
	   |-- fabric-content-registries-v0 10.2.14+4fc5413f3e
	   |-- fabric-convention-tags-v1 2.1.55+7f945d5b3e
	   |-- fabric-convention-tags-v2 2.17.3+8ef948ba3e
	   |-- fabric-crash-report-info-v1 0.3.23+4ebb5c083e
	   |-- fabric-data-attachment-api-v1 1.8.47+eed0806f3e
	   |-- fabric-data-generation-api-v1 23.4.0+69974c4e3e
	   |-- fabric-dimensions-v1 4.0.28+4fc5413f3e
	   |-- fabric-entity-events-v1 3.1.1+1d0ab4303e
	   |-- fabric-events-interaction-v0 4.1.0+3b89ecf63e
	   |-- fabric-game-rule-api-v1 2.0.3+4fc5413f3e
	   |-- fabric-item-api-v1 11.5.20+d0c46b9e3e
	   |-- fabric-item-group-api-v1 4.2.36+4fc5413f3e
	   |-- fabric-key-binding-api-v1 1.1.7+4fc5413f3e
	   |-- fabric-lifecycle-events-v1 2.6.15+4ebb5c083e
	   |-- fabric-loot-api-v2 3.0.73+3f89f5a53e
	   |-- fabric-loot-api-v3 2.0.20+78c8b4663e
	   |-- fabric-message-api-v1 6.1.12+4ebb5c083e
	   |-- fabric-model-loading-api-v1 6.0.15+4fc5413f3e
	   |-- fabric-networking-api-v1 5.1.5+ae1e07683e
	   |-- fabric-object-builder-api-v1 21.1.39+4fc5413f3e
	   |-- fabric-particles-v1 4.2.11+4fc5413f3e
	   |-- fabric-recipe-api-v1 8.2.3+4ebb5c083e
	   |-- fabric-registry-sync-v0 6.2.5+1718722b3e
	   |-- fabric-renderer-api-v1 8.0.3+f4ffd2e53e
	   |-- fabric-renderer-indigo 5.0.3+f4ffd2e53e
	   |-- fabric-rendering-fluids-v1 3.1.43+4ebb5c083e
	   |-- fabric-rendering-v1 16.2.10+0290ad933e
	   |-- fabric-resource-conditions-api-v1 5.0.35+4fc5413f3e
	   |-- fabric-resource-loader-v0 3.3.4+4fc5413f3e
	   |-- fabric-resource-loader-v1 1.0.10+78c8b4663e
	   |-- fabric-screen-api-v1 3.1.7+4ebb5c083e
	   |-- fabric-screen-handler-api-v1 1.3.161+4fc5413f3e
	   |-- fabric-serialization-api-v1 1.0.5+4ebb5c083e
	   |-- fabric-sound-api-v1 1.0.51+4fc5413f3e
	   |-- fabric-tag-api-v1 1.2.20+4fc5413f3e
	   |-- fabric-transfer-api-v1 6.0.25+4fc5413f3e
	   \-- fabric-transitive-access-wideners-v1 7.1.0+014c8cec3e
	- fabric-language-kotlin 1.13.10+kotlin.2.3.20
	   |-- org_jetbrains_kotlin_kotlin-reflect 2.3.20
	   |-- org_jetbrains_kotlin_kotlin-stdlib 2.3.20
	   |-- org_jetbrains_kotlin_kotlin-stdlib-jdk7 2.3.20
	   |-- org_jetbrains_kotlin_kotlin-stdlib-jdk8 2.3.20
	   |-- org_jetbrains_kotlinx_atomicfu-jvm 0.32.1
	   |-- org_jetbrains_kotlinx_kotlinx-coroutines-core-jvm 1.10.2
	   |-- org_jetbrains_kotlinx_kotlinx-coroutines-jdk8 1.10.2
	   |-- org_jetbrains_kotlinx_kotlinx-datetime-jvm 0.7.1
	   |-- org_jetbrains_kotlinx_kotlinx-io-bytestring-jvm 0.9.0
	   |-- org_jetbrains_kotlinx_kotlinx-io-core-jvm 0.9.0
	   |-- org_jetbrains_kotlinx_kotlinx-serialization-cbor-jvm 1.10.0
	   |-- org_jetbrains_kotlinx_kotlinx-serialization-core-jvm 1.10.0
	   \-- org_jetbrains_kotlinx_kotlinx-serialization-json-jvm 1.10.0
	- fabricloader 0.18.4
	   \-- mixinextras 0.5.0
	- ferritecore 8.2.0
	- framework 0.13.11
	   |-- com_electronwill_night-config_core 3.8.3
	   |-- com_electronwill_night-config_toml 3.8.3
	   |-- org_javassist_javassist 3.30.2-GA
	   \-- org_reflections_reflections 0.10.2
	- fwa 1.2.0
	- java 21
	- krypton 0.2.10
	   \-- com_velocitypowered_velocity-native 3.4.0-SNAPSHOT
	- lithium 0.21.4+mc1.21.11
	- lithostitched 1.6.1
	- lootintegration_townsandtowers 1.2
	- lootintegrations 1.21.11-4.8
	- lootintegrations_dnt 1
	- minecraft 1.21.11
	- mr_dungeons_andtaverns 1-v5.1.0
	- mr_lukis_ancientcities 1.1
	- mr_lukis_crazychambers 1.0.3
	- mr_lukis_strongholds 1-v1.0
	- mr_lukis_woodlandmansions 1-v1.0
	- scalablelux 0.1.6+fabric.c25518a
	- structory 1.3.14
	- t_and_t 1.13.9
	- tectonic 3.0.19
	- terralith 2.6.0
[21:55:25] [main/INFO]: SpongePowered MIXIN Subsystem Version=0.8.7 Source=file:/workspaces/server-para-mati/servidor_minecraft/libraries/net/fabricmc/sponge-mixin/0.17.0+mixin.0.8.7/sponge-mixin-0.17.0+mixin.0.8.7.jar Service=Knot/Fabric Env=SERVER
[21:55:25] [main/INFO]: Compatibility level set to JAVA_17
[21:55:25] [main/INFO]: Compatibility level set to JAVA_21
[21:55:25] [main/WARN]: Reference map 'backpacked.refmap.json' for backpacked.fabric.mixins.json could not be read. If this is a development environment you can ignore this message
[21:55:25] [main/WARN]: Reference map 'backpacked.refmap.json' for backpacked.common.mixins.json could not be read. If this is a development environment you can ignore this message
[21:55:25] [main/WARN]: Reference map 'carryon.refmap.json' for carryon.mixins.json could not be read. If this is a development environment you can ignore this message
[21:55:25] [main/WARN]: Reference map 'framework.refmap.json' for framework.common.mixins.json could not be read. If this is a development environment you can ignore this message
[21:55:25] [main/WARN]: Reference map 'framework.refmap.json' for framework.fabric.mixins.json could not be read. If this is a development environment you can ignore this message
[21:55:25] [main/INFO]: Loaded configuration file for Lithium: 171 options available, 0 override(s) found.
[21:55:27] [main/INFO]: Initializing MixinExtras via com.llamalad7.mixinextras.service.MixinExtrasServiceImpl(version=0.5.0).
[21:55:39] [main/INFO]: Reflections took 286 ms to scan 2 urls, producing 9 keys and 133 values
[21:55:39] [main/INFO]: Registered synced data key backpacked:selected_backpack for minecraft:player
[21:55:39] [main/INFO]: Registered synced data key backpacked:backpack for minecraft:player
[21:55:39] [main/INFO]: Registered synced data key backpacked:backpacks for minecraft:player
[21:55:39] [main/INFO]: Registered synced data key backpacked:cosmetic_backpack for minecraft:player
[21:55:39] [main/INFO]: Registered synced data key backpacked:unlock_tracker for minecraft:player
[21:55:39] [main/INFO]: Registered synced data key backpacked:unlockable_backpack_slots for minecraft:player
[21:55:39] [main/INFO]: Registered synced data key backpacked:trader_pickpocketing for minecraft:wandering_trader
[21:55:39] [main/INFO]: Registered synced data key backpacked:immortal_cooldown for minecraft:player
[21:55:39] [main/INFO]: Registered synced data key backpacked:backpack_scale for minecraft:player
[21:55:40] [main/INFO]: Loaded config for: cupboard.json
[21:55:40] [main/INFO]: [FWA] Fancy World Animations initialized!
[21:55:40] [main/INFO]: Compression will use libdeflate (Linux x86_64), encryption will use OpenSSL 3.x.x (Linux x86_64)
[21:55:41] [main/INFO]: Krypton is now accelerating your Minecraft server's networking stack 🚀
[21:55:41] [main/ERROR]: Couldn't load mr_lukis_ancientcities pack metadata: Pack declares support for version newer than 81, but is missing mandatory fields min_format and max_format
[21:55:41] [main/ERROR]: Couldn't load mr_lukis_crazychambers pack metadata: Pack declares support for version newer than 81, but is missing mandatory fields min_format and max_format
[21:55:41] [main/ERROR]: Couldn't load mr_lukis_strongholds pack metadata: Pack declares support for version newer than 81, but is missing mandatory fields min_format and max_format
[21:55:41] [main/ERROR]: Couldn't load mr_lukis_woodlandmansions pack metadata: Pack declares support for version newer than 81, but is missing mandatory fields min_format and max_format
[21:55:41] [main/ERROR]: Couldn't load mr_lukis_ancientcities pack metadata: Pack declares support for version newer than 81, but is missing mandatory fields min_format and max_format
[21:55:41] [main/ERROR]: Couldn't load mr_lukis_crazychambers pack metadata: Pack declares support for version newer than 81, but is missing mandatory fields min_format and max_format
[21:55:41] [main/ERROR]: Couldn't load mr_lukis_strongholds pack metadata: Pack declares support for version newer than 81, but is missing mandatory fields min_format and max_format
[21:55:41] [main/ERROR]: Couldn't load mr_lukis_woodlandmansions pack metadata: Pack declares support for version newer than 81, but is missing mandatory fields min_format and max_format
[21:55:41] [main/INFO]: Environment: Environment[sessionHost=https://sessionserver.mojang.com, servicesHost=https://api.minecraftservices.com, profilesHost=https://api.mojang.com, name=PROD]
[21:55:41] [main/ERROR]: Couldn't load mr_lukis_ancientcities pack metadata: Pack declares support for version newer than 81, but is missing mandatory fields min_format and max_format
[21:55:41] [main/ERROR]: Couldn't load mr_lukis_crazychambers pack metadata: Pack declares support for version newer than 81, but is missing mandatory fields min_format and max_format
[21:55:41] [main/ERROR]: Couldn't load mr_lukis_strongholds pack metadata: Pack declares support for version newer than 81, but is missing mandatory fields min_format and max_format
[21:55:41] [main/ERROR]: Couldn't load mr_lukis_woodlandmansions pack metadata: Pack declares support for version newer than 81, but is missing mandatory fields min_format and max_format
[21:55:41] [main/INFO]: Found new data pack backpacked, loading it automatically
[21:55:41] [main/INFO]: Found new data pack carryon, loading it automatically
[21:55:41] [main/INFO]: Found new data pack cristellib:runtime_pack, loading it automatically
[21:55:41] [main/INFO]: Found new data pack fabric-convention-tags-v2, loading it automatically
[21:55:41] [main/INFO]: Found new data pack lithostitched, loading it automatically
[21:55:41] [main/INFO]: Found new data pack lootintegration_townsandtowers, loading it automatically
[21:55:41] [main/INFO]: Found new data pack lootintegrations, loading it automatically
[21:55:41] [main/INFO]: Found new data pack lootintegrations_dnt, loading it automatically
[21:55:41] [main/INFO]: Found new data pack mr_dungeons_andtaverns, loading it automatically
[21:55:41] [main/INFO]: Found new data pack mr_lukis_ancientcities, loading it automatically
[21:55:41] [main/INFO]: Found new data pack mr_lukis_crazychambers, loading it automatically
[21:55:41] [main/INFO]: Found new data pack mr_lukis_strongholds, loading it automatically
[21:55:41] [main/INFO]: Found new data pack mr_lukis_woodlandmansions, loading it automatically
[21:55:41] [main/INFO]: Found new data pack structory, loading it automatically
[21:55:41] [main/INFO]: Found new data pack t_and_t, loading it automatically
[21:55:41] [main/INFO]: Found new data pack tectonic:tectonic, loading it automatically
[21:55:41] [main/INFO]: Found new data pack terralith, loading it automatically
[21:55:45] [main/INFO]: No existing world data, creating new world
[21:55:46] [Worker-Main-1/INFO]: Adding backpack 'backpacked:bamboo_basket'
[21:55:46] [Worker-Main-1/INFO]: Adding backpack 'backpacked:cardboard_box'
[21:55:46] [Worker-Main-1/INFO]: Adding backpack 'backpacked:classic'
[21:55:46] [Worker-Main-1/INFO]: Adding backpack 'backpacked:end_crystal'
[21:55:46] [Worker-Main-1/INFO]: Adding backpack 'backpacked:honey_jar'
[21:55:46] [Worker-Main-1/INFO]: Adding backpack 'backpacked:mini_chest'
[21:55:46] [Worker-Main-1/INFO]: Adding backpack 'backpacked:piglin_pack'
[21:55:46] [Worker-Main-1/INFO]: Adding backpack 'backpacked:rocket'
[21:55:46] [Worker-Main-1/INFO]: Adding backpack 'backpacked:sheep_plush'
[21:55:46] [Worker-Main-1/INFO]: Adding backpack 'backpacked:standard'
[21:55:46] [Worker-Main-1/INFO]: Adding backpack 'backpacked:trash_can'
[21:55:46] [Worker-Main-1/INFO]: Adding backpack 'backpacked:turtle_shell'
[21:55:46] [Worker-Main-1/INFO]: Adding backpack 'backpacked:vintage'
[21:55:46] [Worker-Main-1/INFO]: Adding backpack 'backpacked:wandering_bag'
[21:55:47] [main/INFO]: Loaded 1481 recipes
[21:55:47] [main/INFO]: Loaded 1693 advancements
[21:55:47] [main/INFO]: Loaded config for: lootintegrations.json
[21:55:48] [main/INFO]: Applied 0 biome modifications to 0 of 160 new biomes in 5.019 ms
[21:55:48] [Server thread/INFO]: Loading server configs...
[21:55:48] [Server thread/INFO]: Starting minecraft server version 1.21.11
[21:55:48] [Server thread/INFO]: Loading properties
[21:55:48] [Server thread/INFO]: Default game type: SURVIVAL
[21:55:48] [Server thread/INFO]: Generating keypair
[21:55:48] [Server thread/INFO]: Starting Minecraft server on *:25565
[21:55:48] [Server thread/WARN]: **** SERVER IS RUNNING IN OFFLINE/INSECURE MODE!
[21:55:48] [Server thread/WARN]: The server will make no attempt to authenticate usernames. Beware.
[21:55:48] [Server thread/WARN]: While this makes the game possible to play without internet access, it also opens up the ability for hackers to connect with any username they choose.
[21:55:48] [Server thread/WARN]: To change this, set "online-mode" to "true" in the server.properties file.
[21:55:48] [Server thread/INFO]: Preparing level "world"
[21:55:51] [Server thread/INFO]: Selecting global world spawn...
[21:55:51] [Server thread/INFO]: [STDOUT]: [ScalableLux] Lighting scaling is disabled (due to low parallelism in the settings)
[21:56:49] [Server thread/INFO]: Loading 0 persistent chunks...
[21:56:49] [Server thread/INFO]: Preparing spawn area: 100%
[21:56:49] [Server thread/INFO]: Time elapsed: 58085 ms
[21:56:49] [Server thread/INFO]: Done (60.467s)! For help, type "help"
[21:57:28] [Server thread/INFO]: Stopping the server
[21:57:28] [Server thread/INFO]: Stopping server
[21:57:28] [Server thread/INFO]: Saving players
[21:57:28] [Server thread/INFO]: Saving worlds
[21:57:28] [Server thread/INFO]: Saving chunks for level 'ServerLevel[world]'/minecraft:overworld
[21:57:28] [Server thread/INFO]: Saving chunks for level 'ServerLevel[world]'/minecraft:the_nether
[21:57:28] [Server thread/INFO]: Saving chunks for level 'ServerLevel[world]'/minecraft:the_end
[21:57:28] [Server thread/INFO]: ThreadedAnvilChunkStorage (world): All chunks are saved
[21:57:28] [Server thread/INFO]: ThreadedAnvilChunkStorage (DIM-1): All chunks are saved
[21:57:28] [Server thread/INFO]: ThreadedAnvilChunkStorage (DIM1): All chunks are saved
[21:57:28] [Server thread/INFO]: ThreadedAnvilChunkStorage: All dimensions are saved
[21:57:28] [Server thread/INFO]: Unloading server configs...
[21:57:28] [Server thread/INFO]: Sending config unload event for backpacked.backpack.toml
[21:57:28] [Server thread/INFO]: Sending config unload event for backpacked.wandering_trader.toml
[21:57:28] [Server thread/INFO]: Sending config unload event for backpacked.pickpocketing.toml
[21:57:28] [Server thread/INFO]: Sending config unload event for backpacked.augments.toml
[21:57:28] [Server thread/INFO]: Finished unloading server configs
